OMS_BasicSmokeTest_Suite:000,Smoke_GIVCancellationWebservice,6.49,1,0,0OMS_BasicSmokeTest_Suite:000,Smoke_GIVExtendedShipingOption,5.79,1,0,0OMS_BasicSmokeTest_Suite:000,Smoke_GIVInvAvailablityWebservice,9.65,1,0,0OMS_BasicSmokeTest_Suite:000,Smoke_GIVReservationWebservice,2.37,1,0,0OMS_BasicSmokeTest_Suite:000,Smoke_GIVStoreLocator,5.94,1,0,0OMS_BasicSmokeTest_Suite:000,TC01_SCS_EFC_PackSlip_CompleteShipmentEmail,6.18,1,0,0OMS_BasicSmokeTest_Suite:000,TC02_SCS_EFC_PartialShipmentEmail,7.44,1,0,0OMS_BasicSmokeTest_Suite:000,TC03_BOPUS_HAPPY_PATH_ShipFromEFC_OrderFulfillment,5.93,1,0,0OMS_BasicSmokeTest_Suite:000,TC10_SCS_STORE_CompleteShipmentEmail,8.67,1,0,0OMS_BasicSmokeTest_Suite:000,TC11_BOPUS_HAPPY_PATH_BPS_Order_Fulfillment,6.74,1,0,0OMS_BasicSmokeTest_Suite:000,TC15_BOPUS_EMAIL_REDESIGN_Ready_for_Pick_up_Email,7.67,1,0,0OMS_BasicSmokeTest_Suite:000,TC16_BOPUS_EMAIL_REDESIGN_Customer_Picked_up_Email,8.13,1,0,0OMS_BasicSmokeTest_Suite:000,TC17_BOPUS_EMAIL_REDESIGN_Order_Delay_Email,2.87,1,0,0OMS_BasicSmokeTest_Suite:000,TC18_BOPUS_EMAIL_REDESIGN_Ready_for_Pick_up_Reminder_Initial,8.07,1,0,0OMS_BasicSmokeTest_Suite:000,TC20_BOPUS_EMAIL_REDESIGN_Auto_Refund,9.33,1,0,0OMS_BasicSmokeTest_Suite:000,TC21_GIV_Smoke_EFC_Complete_Shipment_Email,6.09,1,0,0OMS_BasicSmokeTest_Suite:000,TC22_GIV_Smoke_DSV_Complete_Shipment_Email,7.24,1,0,0OMS_BasicSmokeTest_Suite:000,TC23_GIV_Smoke_3PL_Complete_Shipment_Email,7.25,1,0,0OMS_BasicSmokeTest_Suite:000,TC24_GIV_Smoke_RDC_Complete_Shipment_Email,6.18,1,0,0OMS_BasicSmokeTest_Suite:000,TC25_GIV_Smoke_STORE_Complete_Shipment_Email,5.26,1,0,0OMS_BasicSmokeTest_Suite:000,TC27_MixedOrder,7.32,1,0,0OMS_BasicSmokeTest_Suite:000,TC43_SDD_CompleteShipment,6.78,1,0,0OMS_BasicSmokeTest_Suite:000,Smoke_GIVCancellationWebservice,6.49,1,0,0
OMS_BasicSmokeTest_Suite:000,Smoke_GIVExtendedShipingOption,5.79,1,0,0
OMS_BasicSmokeTest_Suite:000,Smoke_GIVInvAvailablityWebservice,9.65,1,0,0
OMS_BasicSmokeTest_Suite:000,Smoke_GIVReservationWebservice,2.37,1,0,0
OMS_BasicSmokeTest_Suite:000,Smoke_GIVStoreLocator,5.94,1,0,0
OMS_BasicSmokeTest_Suite:000,TC01_SCS_EFC_PackSlip_CompleteShipmentEmail,6.18,1,0,0
OMS_BasicSmokeTest_Suite:000,TC02_SCS_EFC_PartialShipmentEmail,7.44,1,0,0
OMS_BasicSmokeTest_Suite:000,TC03_BOPUS_HAPPY_PATH_ShipFromEFC_OrderFulfillment,5.93,1,0,0
OMS_BasicSmokeTest_Suite:000,TC10_SCS_STORE_CompleteShipmentEmail,8.67,1,0,0
OMS_BasicSmokeTest_Suite:000,TC11_BOPUS_HAPPY_PATH_BPS_Order_Fulfillment,6.74,1,0,0
OMS_BasicSmokeTest_Suite:000,TC15_BOPUS_EMAIL_REDESIGN_Ready_for_Pick_up_Email,7.67,1,0,0
OMS_BasicSmokeTest_Suite:000,TC16_BOPUS_EMAIL_REDESIGN_Customer_Picked_up_Email,8.13,1,0,0
OMS_BasicSmokeTest_Suite:000,TC17_BOPUS_EMAIL_REDESIGN_Order_Delay_Email,2.87,1,0,0
OMS_BasicSmokeTest_Suite:000,TC18_BOPUS_EMAIL_REDESIGN_Ready_for_Pick_up_Reminder_Initial,8.07,1,0,0
OMS_BasicSmokeTest_Suite:000,TC20_BOPUS_EMAIL_REDESIGN_Auto_Refund,9.33,1,0,0
OMS_BasicSmokeTest_Suite:000,TC21_GIV_Smoke_EFC_Complete_Shipment_Email,6.09,1,0,0
OMS_BasicSmokeTest_Suite:000,TC22_GIV_Smoke_DSV_Complete_Shipment_Email,7.24,1,0,0
OMS_BasicSmokeTest_Suite:000,TC23_GIV_Smoke_3PL_Complete_Shipment_Email,7.25,1,0,0
OMS_BasicSmokeTest_Suite:000,TC24_GIV_Smoke_RDC_Complete_Shipment_Email,6.18,1,0,0
OMS_BasicSmokeTest_Suite:000,TC25_GIV_Smoke_STORE_Complete_Shipment_Email,5.26,1,0,0
OMS_BasicSmokeTest_Suite:000,TC27_MixedOrder,7.32,1,0,0
OMS_BasicSmokeTest_Suite:000,TC43_SDD_CompleteShipment,6.78,1,0,0
